<?xml version="1.0" encoding="UTF-8"?>
<testng-results ignored="0" total="1" passed="1" failed="0" skipped="0">
  <reporter-output>
  </reporter-output>
  <suite started-at="2023-10-12T17:26:49 IST" name="Default suite" finished-at="2023-10-12T17:26:49 IST" duration-ms="63">
    <groups>
    </groups>
    <test started-at="2023-10-12T17:26:49 IST" name="Default test" finished-at="2023-10-12T17:26:49 IST" duration-ms="63">
      <class name="com.Tdd.framework.TestUsername">
        <test-method signature="UsernameTest()[pri:0, instance:com.Tdd.framework.TestUsername@fba92d3]" started-at="2023-10-12T17:26:49 IST" name="UsernameTest" finished-at="2023-10-12T17:26:49 IST" duration-ms="14" status="PASS">
          <reporter-output>
          </reporter-output>
        </test-method> <!-- UsernameTest -->
      </class> <!-- com.Tdd.framework.TestUsername -->
    </test> <!-- Default test -->
  </suite> <!-- Default suite -->
</testng-results>
